<?xml version="1.0" encoding="UTF-8"?>
<!-- Generated by org.testng.reporters.JUnitReportReporter -->
<testsuite hostname="SHIRA-LAPTOP" failures="0" tests="2" name="tests.FormsTest" time="8.575" errors="0" timestamp="26 Sep 2020 21:30:24 GMT" skipped="0">
  <testcase classname="tests.FormsTest" name="test00_moveToForms" time="1.851"/>
  <testcase classname="tests.FormsTest" name="test01_practiceFormsTest" time="6.724"/>
</testsuite> <!-- tests.FormsTest -->
