<?xml version="1.0" encoding="UTF-8"?>
<!-- Generated by org.testng.reporters.JUnitReportReporter -->
<testsuite hostname="SHIRA-LAPTOP" failures="0" tests="2" name="tests.FormsTest" time="9.128" errors="0" timestamp="03 Oct 2020 23:05:38 GMT" skipped="0">
  <testcase classname="tests.FormsTest" name="test00_moveToForms" time="2.135"/>
  <testcase classname="tests.FormsTest" name="test01_practiceFormsTest" time="6.993"/>
</testsuite> <!-- tests.FormsTest -->
